# JRE version: OpenJDK Runtime Environment (17.0.11) (build 17.0.11+0--11852314)
# Java VM: OpenJDK 64-Bit Server VM (17.0.11+0--11852314, mixed mode, tiered, compressed oops, compressed class ptrs, g1 gc, windows-amd64)
GC Precious Log:
 CPUs: 12 total, 12 available
 Memory: 16085M
 Large Page Support: Disabled
 NUMA Support: Disabled
 Compressed Oops: Enabled (32-bit)
 Heap Region Size: 1M
 Heap Min Capacity: 8M
 Heap Initial Capacity: 252M
 Heap Max Capacity: 2G
 Pre-touch: Disabled
 Parallel Workers: 10
 Concurrent Workers: 3
 Concurrent Refinement Workers: 10
 Periodic GC: Disabled
Heap:
 garbage-first heap   total 227328K, used 120721K [0x0000000080000000, 0x0000000100000000)
  region size 1024K, 18 young (18432K), 3 survivors (3072K)
 Metaspace       used 139291K, committed 140288K, reserved 1179648K
  class space    used 18893K, committed 19392K, reserved 1048576K
GC Heap History (20 events):
Event: 255.238 GC heap before
{Heap before GC invocations=52 (full 0):
 garbage-first heap   total 189440K, used 157979K [0x0000000080000000, 0x0000000100000000)
  region size 1024K, 31 young (31744K), 3 survivors (3072K)
 Metaspace       used 130465K, committed 131264K, reserved 1179648K
  class space    used 17493K, committed 17856K, reserved 1048576K
}
Event: 255.240 GC heap after
{Heap after GC invocations=53 (full 0):
 garbage-first heap   total 189440K, used 131072K [0x0000000080000000, 0x0000000100000000)
  region size 1024K, 2 young (2048K), 2 survivors (2048K)
 Metaspace       used 130465K, committed 131264K, reserved 1179648K
  class space    used 17493K, committed 17856K, reserved 1048576K
}
Event: 255.385 GC heap before
{Heap before GC invocations=53 (full 0):
 garbage-first heap   total 189440K, used 147456K [0x0000000080000000, 0x0000000100000000)
  region size 1024K, 20 young (20480K), 2 survivors (2048K)
 Metaspace       used 132894K, committed 133696K, reserved 1179648K
  class space    used 17877K, committed 18304K, reserved 1048576K
}
Event: 255.387 GC heap after
{Heap after GC invocations=54 (full 0):
 garbage-first heap   total 189440K, used 131419K [0x0000000080000000, 0x0000000100000000)
  region size 1024K, 3 young (3072K), 3 survivors (3072K)
 Metaspace       used 132894K, committed 133696K, reserved 1179648K
  class space    used 17877K, committed 18304K, reserved 1048576K
}
Event: 255.722 GC heap before
{Heap before GC invocations=55 (full 0):
 garbage-first heap   total 227328K, used 159067K [0x0000000080000000, 0x0000000100000000)
  region size 1024K, 32 young (32768K), 3 survivors (3072K)
 Metaspace       used 136117K, committed 137024K, reserved 1179648K
  class space    used 18488K, committed 18944K, reserved 1048576K
}
Event: 255.725 GC heap after
{Heap after GC invocations=56 (full 0):
 garbage-first heap   total 227328K, used 131180K [0x0000000080000000, 0x0000000100000000)
  region size 1024K, 3 young (3072K), 3 survivors (3072K)
 Metaspace       used 136117K, committed 137024K, reserved 1179648K
  class space    used 18488K, committed 18944K, reserved 1048576K
}
Event: 255.787 GC heap before
{Heap before GC invocations=56 (full 0):
 garbage-first heap   total 227328K, used 138348K [0x0000000080000000, 0x0000000100000000)
  region size 1024K, 11 young (11264K), 3 survivors (3072K)
 Metaspace       used 137002K, committed 137856K, reserved 1179648K
  class space    used 18730K, committed 19136K, reserved 1048576K
}
Event: 255.791 GC heap after
{Heap after GC invocations=57 (full 0):
 garbage-first heap   total 227328K, used 110374K [0x0000000080000000, 0x0000000100000000)
  region size 1024K, 1 young (1024K), 1 survivors (1024K)
 Metaspace       used 137002K, committed 137856K, reserved 1179648K
  class space    used 18730K, committed 19136K, reserved 1048576K
}
Event: 255.923 GC heap before
{Heap before GC invocations=57 (full 0):
 garbage-first heap   total 227328K, used 132902K [0x0000000080000000, 0x0000000100000000)
  region size 1024K, 11 young (11264K), 1 survivors (1024K)
 Metaspace       used 137383K, committed 138240K, reserved 1179648K
  class space    used 18789K, committed 19200K, reserved 1048576K
}
Event: 255.927 GC heap after
{Heap after GC invocations=58 (full 0):
 garbage-first heap   total 227328K, used 104889K [0x0000000080000000, 0x0000000100000000)
  region size 1024K, 1 young (1024K), 1 survivors (1024K)
 Metaspace       used 137383K, committed 138240K, reserved 1179648K
  class space    used 18789K, committed 19200K, reserved 1048576K
}
Event: 1630.185 GC heap before
{Heap before GC invocations=58 (full 0):
 garbage-first heap   total 227328K, used 190905K [0x0000000080000000, 0x0000000100000000)
  region size 1024K, 85 young (87040K), 1 survivors (1024K)
 Metaspace       used 137992K, committed 138880K, reserved 1179648K
  class space    used 18818K, committed 19264K, reserved 1048576K
}
Event: 1630.190 GC heap after
{Heap after GC invocations=59 (full 0):
 garbage-first heap   total 227328K, used 111418K [0x0000000080000000, 0x0000000100000000)
  region size 1024K, 7 young (7168K), 7 survivors (7168K)
 Metaspace       used 137992K, committed 138880K, reserved 1179648K
  class space    used 18818K, committed 19264K, reserved 1048576K
}
Event: 1630.769 GC heap before
{Heap before GC invocations=60 (full 0):
 garbage-first heap   total 227328K, used 204602K [0x0000000080000000, 0x0000000100000000)
  region size 1024K, 84 young (86016K), 7 survivors (7168K)
 Metaspace       used 138477K, committed 139392K, reserved 1179648K
  class space    used 18838K, committed 19328K, reserved 1048576K
}
Event: 1630.771 GC heap after
{Heap after GC invocations=61 (full 0):
 garbage-first heap   total 227328K, used 109570K [0x0000000080000000, 0x0000000100000000)
  region size 1024K, 2 young (2048K), 2 survivors (2048K)
 Metaspace       used 138477K, committed 139392K, reserved 1179648K
  class space    used 18838K, committed 19328K, reserved 1048576K
}
Event: 1663.202 GC heap before
{Heap before GC invocations=61 (full 0):
 garbage-first heap   total 227328K, used 118786K [0x0000000080000000, 0x0000000100000000)
  region size 1024K, 11 young (11264K), 2 survivors (2048K)
 Metaspace       used 138495K, committed 139520K, reserved 1179648K
  class space    used 18840K, committed 19328K, reserved 1048576K
}
Event: 1663.204 GC heap after
{Heap after GC invocations=62 (full 0):
 garbage-first heap   total 227328K, used 105331K [0x0000000080000000, 0x0000000100000000)
  region size 1024K, 1 young (1024K), 1 survivors (1024K)
 Metaspace       used 138495K, committed 139520K, reserved 1179648K
  class space    used 18840K, committed 19328K, reserved 1048576K
}
Event: 1701.080 GC heap before
{Heap before GC invocations=62 (full 0):
 garbage-first heap   total 227328K, used 189299K [0x0000000080000000, 0x0000000100000000)
  region size 1024K, 84 young (86016K), 1 survivors (1024K)
 Metaspace       used 138932K, committed 139968K, reserved 1179648K
  class space    used 18879K, committed 19392K, reserved 1048576K
}
Event: 1701.082 GC heap after
{Heap after GC invocations=63 (full 0):
 garbage-first heap   total 227328K, used 106203K [0x0000000080000000, 0x0000000100000000)
  region size 1024K, 2 young (2048K), 2 survivors (2048K)
 Metaspace       used 138932K, committed 139968K, reserved 1179648K
  class space    used 18879K, committed 19392K, reserved 1048576K
}
Event: 2018.194 GC heap before
{Heap before GC invocations=63 (full 0):
 garbage-first heap   total 227328K, used 191195K [0x0000000080000000, 0x0000000100000000)
  region size 1024K, 86 young (88064K), 2 survivors (2048K)
 Metaspace       used 139211K, committed 140224K, reserved 1179648K
  class space    used 18886K, committed 19392K, reserved 1048576K
}
Event: 2018.196 GC heap after
{Heap after GC invocations=64 (full 0):
 garbage-first heap   total 227328K, used 107409K [0x0000000080000000, 0x0000000100000000)
  region size 1024K, 3 young (3072K), 3 survivors (3072K)
 Metaspace       used 139211K, committed 140224K, reserved 1179648K
  class space    used 18886K, committed 19392K, reserved 1048576K
}

